Added Component: Designator=Balun(Balun)
Added Component: Designator=C?(0402)
Added Component: Designator=C?(0402)
Added Component: Designator=C?(0402)
Added Component: Designator=C?(0402)
Added Component: Designator=C?(0402)
Added Component: Designator=C?(0402)
Added Component: Designator=C?(0402)
Added Component: Designator=C?(0402)
Added Component: Designator=C?(0402)
Added Component: Designator=C?(0402)
Added Component: Designator=C?(0402)
Added Component: Designator=C?(0402)
Added Component: Designator=C?(0402)
Added Component: Designator=C?(0402)
Added Component: Designator=C?(0402)
Added Component: Designator=C?(0402)
Added Component: Designator=C?(0402)
Added Component: Designator=C?(0402)
Added Component: Designator=C?(PCBComponent_1)
Added Component: Designator=D?(DIOC1005X05N)
Added Component: Designator=E?(PIN1)
Added Component: Designator=L?(0402-A)
Added Component: Designator=L?(0402-A)
Added Component: Designator=L?(0402-A)
Added Component: Designator=P?(HDR1X2)
Added Component: Designator=R?(0603)
Added Component: Designator=R?(0603)
Added Component: Designator=R?(0603)
Added Component: Designator=R?(0603)
Added Component: Designator=R?(0603)
Added Component: Designator=R?(0603)
Added Component: Designator=R?(0603)
Added Component: Designator=R?(0603)
Added Component: Designator=R?(0603)
Added Component: Designator=R?(0603)
Added Component: Designator=R?(0603)
Added Component: Designator=U?(SOT95P280X140-3N)
Added Component: Designator=U?(LGA12C50P4X4_200X200X70)
Added Component: Designator=U?(MCHP-UQFN-MV40_N)
Added Component: Designator=U?(LGA8C90P4X2_320X150X80)
Added Component: Designator=U?(TI-DQN4-480X480TP_V)
Added Component: Designator=U?(BGA8C40P2X4_87X156X50)
Added Component: Designator=U?(SLAB-QFN-20-2600x2600TP_N)
Added Pin To Net: NetName=GND Pin=Balun-1
Added Pin To Net: NetName=NetBalun_2 Pin=Balun-2
Added Pin To Net: NetName=GND Pin=Balun-3
Added Pin To Net: NetName=GND Pin=Balun-4
Added Pin To Net: NetName=GND Pin=Balun-5
Added Pin To Net: NetName=NetBalun_6 Pin=Balun-6
Added Pin To Net: NetName=NetBalun_7 Pin=Balun-7
Added Pin To Net: NetName=NetBalun_8 Pin=Balun-8
Added Pin To Net: NetName=GND Pin=C?-1
Added Pin To Net: NetName=GND Pin=C?-1
Added Pin To Net: NetName=GND Pin=C?-1
Added Pin To Net: NetName=GND Pin=C?-1
Added Pin To Net: NetName=GND Pin=C?-1
Added Pin To Net: NetName=GND Pin=C?-1
Added Pin To Net: NetName=GND Pin=C?-1
Added Pin To Net: NetName=GND Pin=C?-1
Added Pin To Net: NetName=MCLR Pin=C?-1
Added Pin To Net: NetName=NetBalun_6 Pin=C?-1
Added Pin To Net: NetName=NetC?_1 Pin=C?-1
Added Pin To Net: NetName=VRF Pin=C?-1
Added Pin To Net: NetName=VRF Pin=C?-1
Added Pin To Net: NetName=VRF Pin=C?-1
Added Pin To Net: NetName=VRF Pin=C?-1
Added Pin To Net: NetName=VRF Pin=C?-1
Added Pin To Net: NetName=GND Pin=C?-2
Added Pin To Net: NetName=GND Pin=C?-2
Added Pin To Net: NetName=GND Pin=C?-2
Added Pin To Net: NetName=GND Pin=C?-2
Added Pin To Net: NetName=GND Pin=C?-2
Added Pin To Net: NetName=GND Pin=C?-2
Added Pin To Net: NetName=NetBalun_2 Pin=C?-2
Added Pin To Net: NetName=NetC?_2 Pin=C?-2
Added Pin To Net: NetName=NetC?_2 Pin=C?-2
Added Pin To Net: NetName=VBAT Pin=C?-2
Added Pin To Net: NetName=VCC Pin=C?-2
Added Pin To Net: NetName=VCC Pin=C?-2
Added Pin To Net: NetName=VRF Pin=C?-2
Added Pin To Net: NetName=GND Pin=C?-3
Added Pin To Net: NetName=PGD Pin=C?-4
Added Pin To Net: NetName=PGC Pin=C?-5
Added Pin To Net: NetName=LED Pin=D?-1
Added Pin To Net: NetName=NetD?_2 Pin=D?-2
Added Pin To Net: NetName=NetC?_1 Pin=E?-1
Added Pin To Net: NetName=NetL?_1 Pin=L?-1
Added Pin To Net: NetName=VCC Pin=L?-2
Added Pin To Net: NetName=VRF Pin=L?-2
Added Pin To Net: NetName=GND Pin=P?-1
Added Pin To Net: NetName=VBAT Pin=P?-2
Added Pin To Net: NetName=NetC?_2 Pin=R?-1
Added Pin To Net: NetName=NetD?_2 Pin=R?-1
Added Pin To Net: NetName=NetR?_1 Pin=R?-1
Added Pin To Net: NetName=SCL_RTC Pin=R?-1
Added Pin To Net: NetName=SDA_RTC Pin=R?-1
Added Pin To Net: NetName=VCC Pin=R?-1
Added Pin To Net: NetName=VCC Pin=R?-1
Added Pin To Net: NetName=VRF Pin=R?-1
Added Pin To Net: NetName=GND Pin=R?-2
Added Pin To Net: NetName=NetR?_2 Pin=R?-2
Added Pin To Net: NetName=NINT_RTC Pin=R?-2
Added Pin To Net: NetName=VCC Pin=R?-2
Added Pin To Net: NetName=VCC Pin=R?-2
Added Pin To Net: NetName=VCC Pin=R?-2
Added Pin To Net: NetName=VCC Pin=R?-2
Added Pin To Net: NetName=VCC Pin=R?-2
Added Pin To Net: NetName=VCC Pin=R?-2
Added Pin To Net: NetName=NetL?_1 Pin=U?-0
Added Pin To Net: NetName=NetR?_1 Pin=U?-1
Added Pin To Net: NetName=SCK Pin=U?-1
Added Pin To Net: NetName=SDA_RTC Pin=U?-1
Added Pin To Net: NetName=SDN_RADIO Pin=U?-1
Added Pin To Net: NetName=VBAT Pin=U?-1
Added Pin To Net: NetName=CS_ACC Pin=U?-2
Added Pin To Net: NetName=GND Pin=U?-2
Added Pin To Net: NetName=HALL_OUT Pin=U?-2
Added Pin To Net: NetName=NetBalun_8 Pin=U?-2
Added Pin To Net: NetName=VSEL1 Pin=U?-2
Added Pin To Net: NetName=GND Pin=U?-3
Added Pin To Net: NetName=NetBalun_7 Pin=U?-3
Added Pin To Net: NetName=NetU?_3 Pin=U?-3
Added Pin To Net: NetName=SDO Pin=U?-3
Added Pin To Net: NetName=VSEL2 Pin=U?-3
Added Pin To Net: NetName=SDI Pin=U?-4
Added Pin To Net: NetName=VRF Pin=U?-4
Added Pin To Net: NetName=VSEL3 Pin=U?-4
Added Pin To Net: NetName=GND Pin=U?-5
Added Pin To Net: NetName=GND Pin=U?-5
Added Pin To Net: NetName=VCC Pin=U?-5
Added Pin To Net: NetName=GND Pin=U?-6
Added Pin To Net: NetName=GND Pin=U?-6
Added Pin To Net: NetName=GND Pin=U?-6
Added Pin To Net: NetName=NINT_RTC Pin=U?-6
Added Pin To Net: NetName=VRF Pin=U?-6
Added Pin To Net: NetName=GND Pin=U?-7
Added Pin To Net: NetName=VBAT Pin=U?-7
Added Pin To Net: NetName=GND Pin=U?-8
Added Pin To Net: NetName=NINT_RTC Pin=U?-8
Added Pin To Net: NetName=SCL_RTC Pin=U?-8
Added Pin To Net: NetName=VRF Pin=U?-8
Added Pin To Net: NetName=GPIO0_RADIO Pin=U?-9
Added Pin To Net: NetName=INT_ACC Pin=U?-9
Added Pin To Net: NetName=NetC?_2 Pin=U?-9
Added Pin To Net: NetName=GPIO1_RADIO Pin=U?-10
Added Pin To Net: NetName=NetC?_2 Pin=U?-10
Added Pin To Net: NetName=NIRQ_RADIO Pin=U?-11
Added Pin To Net: NetName=HALL_OUT Pin=U?-12
Added Pin To Net: NetName=INT_ACC Pin=U?-12
Added Pin To Net: NetName=SCK Pin=U?-12
Added Pin To Net: NetName=NIRQ_RADIO Pin=U?-13
Added Pin To Net: NetName=SDO Pin=U?-13
Added Pin To Net: NetName=PGC Pin=U?-14
Added Pin To Net: NetName=SDI Pin=U?-14
Added Pin To Net: NetName=NSEL_RADIO Pin=U?-15
Added Pin To Net: NetName=PGD Pin=U?-15
Added Pin To Net: NetName=MCLR Pin=U?-16
Added Pin To Net: NetName=NetR?_2 Pin=U?-16
Added Pin To Net: NetName=VSEL1 Pin=U?-17
Added Pin To Net: NetName=?SD Pin=U?-18
Added Pin To Net: NetName=GND Pin=U?-18
Added Pin To Net: NetName=VSEL3 Pin=U?-19
Added Pin To Net: NetName=NSEL_RADIO Pin=U?-20
Added Pin To Net: NetName=CS_ACC Pin=U?-21
Added Pin To Net: NetName=GND Pin=U?-21
Added Pin To Net: NetName=LED Pin=U?-22
Added Pin To Net: NetName=GND Pin=U?-27
Added Pin To Net: NetName=NetU?_30 Pin=U?-30
Added Pin To Net: NetName=NetU?_31 Pin=U?-31
Added Pin To Net: NetName=SDN_RADIO Pin=U?-32
Added Pin To Net: NetName=SCK Pin=U?-33
Added Pin To Net: NetName=SCL_RTC Pin=U?-34
Added Pin To Net: NetName=SDA_RTC Pin=U?-35
Added Pin To Net: NetName=SDO Pin=U?-38
Added Pin To Net: NetName=SDI Pin=U?-39
Added Member To Class: ClassName=Scheme VHF-Unit Member=Component Balun
Added Member To Class: ClassName=Scheme VHF-Unit Member=Component C? Cap Semi
Added Member To Class: ClassName=Scheme VHF-Unit Member=Component D? LED2
Added Member To Class: ClassName=Scheme VHF-Unit Member=Component E? Antenna
Added Member To Class: ClassName=Scheme VHF-Unit Member=Component L? Inductor
Added Member To Class: ClassName=Scheme VHF-Unit Member=Component P? Bat_con
Added Member To Class: ClassName=Scheme VHF-Unit Member=Component R? Res2
Added Member To Class: ClassName=Scheme VHF-Unit Member=Component U? RV-8803-C7
