Added Component: Designator=C?(0402)
Added Component: Designator=C?(0402)
Added Component: Designator=C?(0402)
Added Component: Designator=C?(0402)
Added Component: Designator=C?(0402)
Added Component: Designator=C?(0402)
Added Component: Designator=C?(0402)
Added Component: Designator=CB?(SPST-2)
Added Component: Designator=CB?(SPST-2)
Added Component: Designator=CB?(SPST-2)
Added Component: Designator=CB?(SPST-2)
Added Component: Designator=CB?(SPST-2)
Added Component: Designator=L?(0402-A)
Added Component: Designator=P?(HDR1X2)
Added Component: Designator=R?(J1-0603)
Added Component: Designator=R?(J1-0603)
Added Component: Designator=R?(J1-0603)
Added Component: Designator=U?(BGA8C40P2X4_87X156X50)
Added Pin To Net: NetName=CS_ACC Pin=U?-2
Added Net: Name=CS_ACC
Added Pin To Net: NetName=GND Pin=C?-1
Added Pin To Net: NetName=GND Pin=C?-1
Added Pin To Net: NetName=GND Pin=C?-1
Added Pin To Net: NetName=GND Pin=C?-1
Added Pin To Net: NetName=GND Pin=C?-1
Added Pin To Net: NetName=GND Pin=C?-1
Added Pin To Net: NetName=GND Pin=C?-1
Added Pin To Net: NetName=GND Pin=C?-3
Added Pin To Net: NetName=GND Pin=U?-3
Added Pin To Net: NetName=GND Pin=U?-6
Added Pin To Net: NetName=GND Pin=U?-6
Added Pin To Net: NetName=GND Pin=U?-6
Added Pin To Net: NetName=GND Pin=U?-7
Added Pin To Net: NetName=GND Pin=U?-8
Added Pin To Net: NetName=GND Pin=U?-27
Added Net: Name=GND
Added Pin To Net: NetName=HALL_OUT Pin=U?-2
Added Net: Name=HALL_OUT
Added Pin To Net: NetName=INT_ACC Pin=U?-12
Added Net: Name=INT_ACC
Added Pin To Net: NetName=NetC?_2 Pin=C?-2
Added Pin To Net: NetName=NetC?_2 Pin=C?-2
Added Pin To Net: NetName=NetC?_2 Pin=CB?-1
Added Pin To Net: NetName=NetC?_2 Pin=U?-9
Added Pin To Net: NetName=NetC?_2 Pin=U?-10
Added Net: Name=NetC?_2
Added Pin To Net: NetName=NetCB?_1 Pin=CB?-1
Added Pin To Net: NetName=NetCB?_1 Pin=U?-1
Added Net: Name=NetCB?_1
Added Pin To Net: NetName=NetL?_1 Pin=L?-1
Added Pin To Net: NetName=NetL?_1 Pin=U?-0
Added Net: Name=NetL?_1
Added Pin To Net: NetName=NINT_RTC Pin=R?-1
Added Net: Name=NINT_RTC
Added Pin To Net: NetName=SCL_RTC Pin=R?-1
Added Net: Name=SCL_RTC
Added Pin To Net: NetName=SCL Pin=U?-1
Added Net: Name=SCL
Added Pin To Net: NetName=SDA_RTC Pin=R?-1
Added Net: Name=SDA_RTC
Added Pin To Net: NetName=SDI Pin=U?-4
Added Net: Name=SDI
Added Pin To Net: NetName=SDO Pin=U?-3
Added Net: Name=SDO
Added Pin To Net: NetName=VBAT Pin=C?-2
Added Pin To Net: NetName=VBAT Pin=U?-7
Added Net: Name=VBAT
Added Pin To Net: NetName=VCC Pin=C?-2
Added Pin To Net: NetName=VCC Pin=C?-2
Added Pin To Net: NetName=VCC Pin=CB?-1
Added Pin To Net: NetName=VCC Pin=CB?-2
Added Pin To Net: NetName=VCC Pin=CB?-2
Added Pin To Net: NetName=VCC Pin=CB?-2
Added Pin To Net: NetName=VCC Pin=CB?-2
Added Pin To Net: NetName=VCC Pin=L?-2
Added Pin To Net: NetName=VCC Pin=R?-2
Added Pin To Net: NetName=VCC Pin=R?-2
Added Pin To Net: NetName=VCC Pin=R?-2
Added Pin To Net: NetName=VCC Pin=U?-5
Added Net: Name=VCC
Added Pin To Net: NetName=VDD_MCU Pin=C?-2
Added Pin To Net: NetName=VDD_MCU Pin=C?-2
Added Pin To Net: NetName=VDD_MCU Pin=CB?-1
Added Pin To Net: NetName=VDD_MCU Pin=U?-7
Added Pin To Net: NetName=VDD_MCU Pin=U?-26
Added Net: Name=VDD_MCU
Added Pin To Net: NetName=VSEL1 Pin=U?-2
Added Net: Name=VSEL1
Added Pin To Net: NetName=VSEL2 Pin=U?-3
Added Net: Name=VSEL2
Added Pin To Net: NetName=VSEL3 Pin=U?-4
Added Net: Name=VSEL3
Added Member To Class: ClassName=Scheme VHF-Unit Member=Component CB? Circuit Breaker
Added Member To Class: ClassName=Scheme VHF-Unit Member=Component L? Inductor
Added Member To Class: ClassName=Scheme VHF-Unit Member=Component P? Bat_con
Added Member To Class: ClassName=Scheme VHF-Unit Member=Component R? Res3
