Removed Pin From Net: NetName=NetC?_2 Pin=C?-2
Removed Pin From Net: NetName=VCC Pin=C?-2
Removed Pin From Net: NetName=NetL?_1 Pin=L?-1
Removed Pin From Net: NetName=VCC Pin=L?-2
Removed Pin From Net: NetName=NetL?_1 Pin=U?-4
Removed Pin From Net: NetName=GND Pin=U?-18
Removed Pin From Net: NetName=GND Pin=U?-21
Added Component: Designator=C?(0402)
Added Component: Designator=U?(TI-DQN4-480X480TP_V)
Added Pin To Net: NetName=NetC?_2 Pin=C?-2
Added Pin To Net: NetName=NetC?_2 Pin=C?-2
Added Pin To Net: NetName=NetL?_1 Pin=L?-1
Added Pin To Net: NetName=NetL?_1 Pin=U?-0
Added Pin To Net: NetName=GND Pin=U?-2
Added Pin To Net: NetName=VCC Pin=U?-4
Added Pin To Net: NetName=GND Pin=U?-5
Added Pin To Net: NetName=NetC?_2 Pin=U?-9
Added Pin To Net: NetName=NetC?_2 Pin=U?-10
Added Pin To Net: NetName=NetTCXO_2 Pin=U?-17
Added Net: Name=NetTCXO_2
Added Pin To Net: NetName=NetTCXO_3 Pin=U?-16
Added Net: Name=NetTCXO_3
Added Pin To Net: NetName=NetTCXO_4 Pin=U?-1
Added Net: Name=NetTCXO_4
Added Member To Class: ClassName=Scheme VHF-Unit Member=Component U? TLV71718PDQNT
