Removed Pin From Net: NetName=NetC?_2 Pin=CB?-1
Removed Pin From Net: NetName=VCC Pin=CB?-1
Removed Pin From Net: NetName=VDD_MCU Pin=CB?-1
Removed Pin From Net: NetName=VCC Pin=CB?-2
Removed Pin From Net: NetName=VCC Pin=CB?-2
Removed Pin From Net: NetName=VCC Pin=CB?-2
Removed Pin From Net: NetName=VCC Pin=CB?-2
Removed Member From Class: ClassName=Scheme VHF-Unit Member=CB?
Added Pin To Net: NetName=NINT_RTC Pin=U?-8
Added Pin To Net: NetName=INT_ACC Pin=U?-9
Added Pin To Net: NetName=HALL_OUT Pin=U?-12
Added Pin To Net: NetName=SDO Pin=U?-13
Added Pin To Net: NetName=SDI Pin=U?-14
Added Pin To Net: NetName=VSEL1 Pin=U?-17
Added Pin To Net: NetName=GND Pin=U?-18
Added Pin To Net: NetName=VSEL3 Pin=U?-19
Added Pin To Net: NetName=CS_ACC Pin=U?-21
Added Pin To Net: NetName=GND Pin=U?-21
Added Pin To Net: NetName=SCL_RTC Pin=U?-34
Added Pin To Net: NetName=SDA_RTC Pin=U?-35
Added Pin To Net: NetName=SDO Pin=U?-38
Added Pin To Net: NetName=SDI Pin=U?-39
Added Pin To Net: NetName=?SD Pin=U?-18
Added Net: Name=?SD
Added Pin To Net: NetName=GPIO0_RADIO Pin=U?-9
Added Net: Name=GPIO0_RADIO
Added Pin To Net: NetName=GPIO1_RADIO Pin=U?-10
Added Net: Name=GPIO1_RADIO
Added Pin To Net: NetName=MCLR Pin=U?-16
Added Net: Name=MCLR
Added Pin To Net: NetName=NIRQ_RADIO Pin=U?-11
Added Pin To Net: NetName=NIRQ_RADIO Pin=U?-13
Added Net: Name=NIRQ_RADIO
Added Pin To Net: NetName=NSEL_RADIO Pin=U?-15
Added Pin To Net: NetName=NSEL_RADIO Pin=U?-20
Added Net: Name=NSEL_RADIO
Added Pin To Net: NetName=PGC Pin=U?-14
Added Net: Name=PGC
Added Pin To Net: NetName=PGD Pin=U?-15
Added Net: Name=PGD
Added Pin To Net: NetName=SCK Pin=U?-1
Added Pin To Net: NetName=SCK Pin=U?-12
Added Pin To Net: NetName=SCK Pin=U?-33
Added Net: Name=SCK
Added Pin To Net: NetName=SDN_RADIO Pin=U?-1
Added Pin To Net: NetName=SDN_RADIO Pin=U?-32
Added Net: Name=SDN_RADIO
Added Member To Class: ClassName=Scheme VHF-Unit Member=Component U? TPS62743
